<?xml version="1.0" encoding="UTF-8"?>
<!-- Generated by org.testng.reporters.JUnitXMLReporter -->
<testsuite ignored="6" hostname="hostname" failures="0" tests="21" name="Student Tests" time="3.896" errors="0" timestamp="2026-01-18T20:07:47 IST">
  <testcase classname="miniprojectapi.courses.CreateCourseTest" name="createCourseTest" time="2.384"/>
  <testcase classname="miniprojectapi.courses.CreateCourseTest" name="createCourseWithoutRequiredData" time="0.028"/>
  <testcase classname="miniprojectapi.courses.CreateCourseTest" name="verifyDefaultStatus" time="0.054"/>
  <testcase classname="miniprojectapi.courses.CreateCourseTest" name="verifyDuplicateCourseCodeNotAllowed" time="0.046"/>
  <testcase classname="miniprojectapi.students.GetStudentTest" name="getAllStudents" time="0.086"/>
  <testcase classname="miniprojectapi.students.GetStudentTest" name="getStudentById" time="0.143"/>
  <testcase classname="miniprojectapi.students.GetStudentTest" name="getStudentByInvalidId" time="0.013"/>
  <testcase classname="miniprojectapi.students.GetStudentTest" name="verifyStudentApplicationsInitialZero" time="0.096"/>
  <testcase classname="miniprojectapi.students.GetStudentTest" name="verifyStudentResponseStructureIsCorrectWhenNoneExist" time="0.19"/>
  <testcase classname="miniprojectapi.applications.ApplyApplicationTest" name="applyApplicationWithEmptyPayload" time="0.019"/>
  <testcase classname="miniprojectapi.applications.ApplyApplicationTest" name="applyApplicationWithInvalidCourseId" time="0.054"/>
  <testcase classname="miniprojectapi.applications.ApplyApplicationTest" name="applyApplicationWithInvalidStudentId" time="0.068"/>
  <testcase classname="miniprojectapi.applications.ApplyApplicationTest" name="applyApplicationWithValidStudentIdAndCourseId" time="0.136"/>
  <testcase classname="miniprojectapi.applications.ApplyApplicationTest" name="applyApplyDuplicateApplication" time="0.105"/>
  <testcase classname="miniprojectapi.students.CreateStudentTest" name="createStudentTest" time="0.026"/>
  <testcase classname="miniprojectapi.students.CreateStudentTest" name="createStudentWithoutRequiredData" time="0.018"/>
  <testcase classname="miniprojectapi.students.CreateStudentTest" name="verifyduplicateEmailNotAllowed" time="0.03"/>
  <testcase classname="miniprojectapi.applications.GetApplicationTest" name="getApplicationWithInvalidApplicationId" time="0.01"/>
  <testcase classname="miniprojectapi.applications.GetApplicationTest" name="getApplicationWithValidApplicationId" time="0.134"/>
  <testcase classname="miniprojectapi.courses.GetCourseTest" name="verifyGetAllCourses" time="0.014"/>
  <testcase classname="miniprojectapi.courses.GetCourseTest" name="verifyGetCourseByInvalidId" time="0.01"/>
  <testcase classname="miniprojectapi.base.BaseTest" name="@BeforeSuite setup" time="0.0">
    <ignored/>
  </testcase> <!-- @BeforeSuite setup -->
  <testcase classname="miniprojectapi.base.BaseTest" name="@BeforeSuite setup" time="0.0">
    <ignored/>
  </testcase> <!-- @BeforeSuite setup -->
  <testcase classname="miniprojectapi.base.BaseTest" name="@BeforeSuite setup" time="0.0">
    <ignored/>
  </testcase> <!-- @BeforeSuite setup -->
  <testcase classname="miniprojectapi.base.BaseTest" name="@BeforeSuite setup" time="0.0">
    <ignored/>
  </testcase> <!-- @BeforeSuite setup -->
  <testcase classname="miniprojectapi.base.BaseTest" name="@BeforeSuite setup" time="0.0">
    <ignored/>
  </testcase> <!-- @BeforeSuite setup -->
  <testcase classname="miniprojectapi.base.BaseTest" name="@BeforeSuite setup" time="0.0">
    <ignored/>
  </testcase> <!-- @BeforeSuite setup -->
</testsuite> <!-- Student Tests -->
