<?xml version="1.0" encoding="UTF-8"?>
<!-- Generated by org.testng.reporters.JUnitReportReporter -->
<testsuite hostname="hostname" failures="0" tests="4" name="miniprojectapi.courses.CreateCourseTest" time="2.512" errors="0" timestamp="2026-01-18T20:07:47 IST" skipped="0">
  <testcase classname="miniprojectapi.courses.CreateCourseTest" name="createCourseTest" time="2.384"/>
  <testcase classname="miniprojectapi.courses.CreateCourseTest" name="verifyDefaultStatus" time="0.054"/>
  <testcase classname="miniprojectapi.courses.CreateCourseTest" name="createCourseWithoutRequiredData" time="0.028"/>
  <testcase classname="miniprojectapi.courses.CreateCourseTest" name="verifyDuplicateCourseCodeNotAllowed" time="0.046"/>
</testsuite> <!-- miniprojectapi.courses.CreateCourseTest -->
