<?xml version="1.0" encoding="UTF-8"?>
<!-- Generated by org.testng.reporters.JUnitReportReporter -->
<testsuite hostname="hostname" failures="0" tests="5" name="miniprojectapi.applications.ApplyApplicationTest" time="0.382" errors="0" timestamp="2026-01-18T20:07:47 IST" skipped="0">
  <testcase classname="miniprojectapi.applications.ApplyApplicationTest" name="applyApplicationWithInvalidStudentId" time="0.068"/>
  <testcase classname="miniprojectapi.applications.ApplyApplicationTest" name="applyApplyDuplicateApplication" time="0.105"/>
  <testcase classname="miniprojectapi.applications.ApplyApplicationTest" name="applyApplicationWithInvalidCourseId" time="0.054"/>
  <testcase classname="miniprojectapi.applications.ApplyApplicationTest" name="applyApplicationWithEmptyPayload" time="0.019"/>
  <testcase classname="miniprojectapi.applications.ApplyApplicationTest" name="applyApplicationWithValidStudentIdAndCourseId" time="0.136"/>
</testsuite> <!-- miniprojectapi.applications.ApplyApplicationTest -->
