<?xml version="1.0" encoding="UTF-8"?>
<!-- Generated by org.testng.reporters.JUnitReportReporter -->
<testsuite hostname="hostname" failures="0" tests="3" name="miniprojectapi.students.CreateStudentTest" time="0.074" errors="0" timestamp="2026-01-18T20:07:47 IST" skipped="0">
  <testcase classname="miniprojectapi.students.CreateStudentTest" name="verifyduplicateEmailNotAllowed" time="0.030"/>
  <testcase classname="miniprojectapi.students.CreateStudentTest" name="createStudentWithoutRequiredData" time="0.018"/>
  <testcase classname="miniprojectapi.students.CreateStudentTest" name="createStudentTest" time="0.026"/>
</testsuite> <!-- miniprojectapi.students.CreateStudentTest -->
