<?xml version="1.0" encoding="UTF-8"?>
<!-- Generated by org.testng.reporters.JUnitReportReporter -->
<testsuite hostname="hostname" failures="0" tests="5" name="miniprojectapi.students.GetStudentTest" time="0.528" errors="0" timestamp="2026-01-18T20:07:47 IST" skipped="0">
  <testcase classname="miniprojectapi.students.GetStudentTest" name="verifyStudentResponseStructureIsCorrectWhenNoneExist" time="0.190"/>
  <testcase classname="miniprojectapi.students.GetStudentTest" name="verifyStudentApplicationsInitialZero" time="0.096"/>
  <testcase classname="miniprojectapi.students.GetStudentTest" name="getStudentById" time="0.143"/>
  <testcase classname="miniprojectapi.students.GetStudentTest" name="getAllStudents" time="0.086"/>
  <testcase classname="miniprojectapi.students.GetStudentTest" name="getStudentByInvalidId" time="0.013"/>
</testsuite> <!-- miniprojectapi.students.GetStudentTest -->
