<?xml version="1.0" encoding="UTF-8"?>
<!-- Generated by org.testng.reporters.JUnitReportReporter -->
<testsuite hostname="hostname" failures="0" tests="2" name="miniprojectapi.applications.GetApplicationTest" time="0.144" errors="0" timestamp="2026-01-18T20:07:47 IST" skipped="0">
  <testcase classname="miniprojectapi.applications.GetApplicationTest" name="getApplicationWithInvalidApplicationId" time="0.010"/>
  <testcase classname="miniprojectapi.applications.GetApplicationTest" name="getApplicationWithValidApplicationId" time="0.134"/>
</testsuite> <!-- miniprojectapi.applications.GetApplicationTest -->
