<?xml version="1.0" encoding="UTF-8"?>
<!-- Generated by org.testng.reporters.JUnitReportReporter -->
<testsuite hostname="hostname" failures="0" tests="2" name="miniprojectapi.courses.GetCourseTest" time="0.024" errors="0" timestamp="2026-01-18T20:07:47 IST" skipped="0">
  <testcase classname="miniprojectapi.courses.GetCourseTest" name="verifyGetAllCourses" time="0.014"/>
  <testcase classname="miniprojectapi.courses.GetCourseTest" name="verifyGetCourseByInvalidId" time="0.010"/>
</testsuite> <!-- miniprojectapi.courses.GetCourseTest -->
