<?xml version="1.0" encoding="UTF-8"?>
<testng-results ignored="0" total="21" passed="21" failed="0" skipped="0">
  <reporter-output>
  </reporter-output>
  <suite started-at="2026-01-18T20:07:43 IST" name="Mini Project API Suite" finished-at="2026-01-18T20:07:47 IST" duration-ms="3896">
    <groups>
    </groups>
    <test started-at="2026-01-18T20:07:43 IST" name="Student Tests" finished-at="2026-01-18T20:07:47 IST" duration-ms="3896">
      <class name="miniprojectapi.courses.GetCourseTest">
        <test-method signature="verifyGetAllCourses()[pri:0, instance:miniprojectapi.courses.GetCourseTest@15923407]" started-at="2026-01-18T20:07:47 IST" name="verifyGetAllCourses" finished-at="2026-01-18T20:07:47 IST" duration-ms="14" status="PASS">
          <reporter-output>
          </reporter-output>
        </test-method> <!-- verifyGetAllCourses -->
        <test-method signature="verifyGetCourseByInvalidId()[pri:0, instance:miniprojectapi.courses.GetCourseTest@15923407]" started-at="2026-01-18T20:07:47 IST" name="verifyGetCourseByInvalidId" finished-at="2026-01-18T20:07:47 IST" duration-ms="10" status="PASS">
          <reporter-output>
          </reporter-output>
        </test-method> <!-- verifyGetCourseByInvalidId -->
      </class> <!-- miniprojectapi.courses.GetCourseTest -->
      <class name="miniprojectapi.applications.ApplyApplicationTest">
        <test-method signature="applyApplicationWithEmptyPayload()[pri:0, instance:miniprojectapi.applications.ApplyApplicationTest@4c27d39d]" started-at="2026-01-18T20:07:47 IST" name="applyApplicationWithEmptyPayload" finished-at="2026-01-18T20:07:47 IST" duration-ms="19" status="PASS">
          <reporter-output>
          </reporter-output>
        </test-method> <!-- applyApplicationWithEmptyPayload -->
        <test-method signature="applyApplicationWithInvalidCourseId()[pri:0, instance:miniprojectapi.applications.ApplyApplicationTest@4c27d39d]" started-at="2026-01-18T20:07:47 IST" name="applyApplicationWithInvalidCourseId" finished-at="2026-01-18T20:07:47 IST" duration-ms="54" status="PASS">
          <reporter-output>
          </reporter-output>
        </test-method> <!-- applyApplicationWithInvalidCourseId -->
        <test-method signature="applyApplicationWithInvalidStudentId()[pri:0, instance:miniprojectapi.applications.ApplyApplicationTest@4c27d39d]" started-at="2026-01-18T20:07:47 IST" name="applyApplicationWithInvalidStudentId" finished-at="2026-01-18T20:07:47 IST" duration-ms="68" status="PASS">
          <reporter-output>
          </reporter-output>
        </test-method> <!-- applyApplicationWithInvalidStudentId -->
        <test-method signature="applyApplicationWithValidStudentIdAndCourseId()[pri:0, instance:miniprojectapi.applications.ApplyApplicationTest@4c27d39d]" started-at="2026-01-18T20:07:47 IST" name="applyApplicationWithValidStudentIdAndCourseId" finished-at="2026-01-18T20:07:47 IST" duration-ms="136" status="PASS">
          <reporter-output>
          </reporter-output>
        </test-method> <!-- applyApplicationWithValidStudentIdAndCourseId -->
        <test-method signature="applyApplyDuplicateApplication()[pri:0, instance:miniprojectapi.applications.ApplyApplicationTest@4c27d39d]" started-at="2026-01-18T20:07:47 IST" name="applyApplyDuplicateApplication" finished-at="2026-01-18T20:07:47 IST" duration-ms="105" status="PASS">
          <reporter-output>
          </reporter-output>
        </test-method> <!-- applyApplyDuplicateApplication -->
      </class> <!-- miniprojectapi.applications.ApplyApplicationTest -->
      <class name="miniprojectapi.students.GetStudentTest">
        <test-method is-config="true" signature="setup()[pri:0, instance:miniprojectapi.students.GetStudentTest@6c37bd27]" started-at="2026-01-18T20:07:43 IST" name="setup" finished-at="2026-01-18T20:07:43 IST" duration-ms="727" status="PASS">
          <reporter-output>
          </reporter-output>
        </test-method> <!-- setup -->
        <test-method signature="getAllStudents()[pri:0, instance:miniprojectapi.students.GetStudentTest@6c37bd27]" started-at="2026-01-18T20:07:46 IST" name="getAllStudents" finished-at="2026-01-18T20:07:46 IST" duration-ms="86" status="PASS">
          <reporter-output>
          </reporter-output>
        </test-method> <!-- getAllStudents -->
        <test-method signature="getStudentById()[pri:0, instance:miniprojectapi.students.GetStudentTest@6c37bd27]" started-at="2026-01-18T20:07:46 IST" name="getStudentById" finished-at="2026-01-18T20:07:46 IST" duration-ms="143" status="PASS">
          <reporter-output>
          </reporter-output>
        </test-method> <!-- getStudentById -->
        <test-method signature="getStudentByInvalidId()[pri:0, instance:miniprojectapi.students.GetStudentTest@6c37bd27]" started-at="2026-01-18T20:07:46 IST" name="getStudentByInvalidId" finished-at="2026-01-18T20:07:46 IST" duration-ms="13" status="PASS">
          <reporter-output>
          </reporter-output>
        </test-method> <!-- getStudentByInvalidId -->
        <test-method signature="verifyStudentApplicationsInitialZero()[pri:0, instance:miniprojectapi.students.GetStudentTest@6c37bd27]" started-at="2026-01-18T20:07:46 IST" name="verifyStudentApplicationsInitialZero" finished-at="2026-01-18T20:07:46 IST" duration-ms="96" status="PASS">
          <reporter-output>
          </reporter-output>
        </test-method> <!-- verifyStudentApplicationsInitialZero -->
        <test-method signature="verifyStudentResponseStructureIsCorrectWhenNoneExist()[pri:0, instance:miniprojectapi.students.GetStudentTest@6c37bd27]" started-at="2026-01-18T20:07:46 IST" name="verifyStudentResponseStructureIsCorrectWhenNoneExist" finished-at="2026-01-18T20:07:47 IST" duration-ms="190" status="PASS">
          <reporter-output>
          </reporter-output>
        </test-method> <!-- verifyStudentResponseStructureIsCorrectWhenNoneExist -->
      </class> <!-- miniprojectapi.students.GetStudentTest -->
      <class name="miniprojectapi.courses.CreateCourseTest">
        <test-method signature="createCourseTest()[pri:0, instance:miniprojectapi.courses.CreateCourseTest@7bde1f3a]" started-at="2026-01-18T20:07:43 IST" name="createCourseTest" finished-at="2026-01-18T20:07:46 IST" duration-ms="2384" status="PASS">
          <reporter-output>
          </reporter-output>
        </test-method> <!-- createCourseTest -->
        <test-method signature="createCourseWithoutRequiredData()[pri:0, instance:miniprojectapi.courses.CreateCourseTest@7bde1f3a]" started-at="2026-01-18T20:07:46 IST" name="createCourseWithoutRequiredData" finished-at="2026-01-18T20:07:46 IST" duration-ms="28" status="PASS">
          <reporter-output>
          </reporter-output>
        </test-method> <!-- createCourseWithoutRequiredData -->
        <test-method signature="verifyDefaultStatus()[pri:0, instance:miniprojectapi.courses.CreateCourseTest@7bde1f3a]" started-at="2026-01-18T20:07:46 IST" name="verifyDefaultStatus" finished-at="2026-01-18T20:07:46 IST" duration-ms="54" status="PASS">
          <reporter-output>
          </reporter-output>
        </test-method> <!-- verifyDefaultStatus -->
        <test-method signature="verifyDuplicateCourseCodeNotAllowed()[pri:0, instance:miniprojectapi.courses.CreateCourseTest@7bde1f3a]" started-at="2026-01-18T20:07:46 IST" name="verifyDuplicateCourseCodeNotAllowed" finished-at="2026-01-18T20:07:46 IST" duration-ms="46" status="PASS">
          <reporter-output>
          </reporter-output>
        </test-method> <!-- verifyDuplicateCourseCodeNotAllowed -->
      </class> <!-- miniprojectapi.courses.CreateCourseTest -->
      <class name="miniprojectapi.applications.GetApplicationTest">
        <test-method signature="getApplicationWithInvalidApplicationId()[pri:0, instance:miniprojectapi.applications.GetApplicationTest@40ee0a22]" started-at="2026-01-18T20:07:47 IST" name="getApplicationWithInvalidApplicationId" finished-at="2026-01-18T20:07:47 IST" duration-ms="10" status="PASS">
          <reporter-output>
          </reporter-output>
        </test-method> <!-- getApplicationWithInvalidApplicationId -->
        <test-method signature="getApplicationWithValidApplicationId()[pri:0, instance:miniprojectapi.applications.GetApplicationTest@40ee0a22]" started-at="2026-01-18T20:07:47 IST" name="getApplicationWithValidApplicationId" finished-at="2026-01-18T20:07:47 IST" duration-ms="134" status="PASS">
          <reporter-output>
          </reporter-output>
        </test-method> <!-- getApplicationWithValidApplicationId -->
      </class> <!-- miniprojectapi.applications.GetApplicationTest -->
      <class name="miniprojectapi.students.CreateStudentTest">
        <test-method signature="createStudentTest()[pri:0, instance:miniprojectapi.students.CreateStudentTest@677b8e13]" started-at="2026-01-18T20:07:47 IST" name="createStudentTest" finished-at="2026-01-18T20:07:47 IST" duration-ms="26" status="PASS">
          <reporter-output>
          </reporter-output>
        </test-method> <!-- createStudentTest -->
        <test-method signature="createStudentWithoutRequiredData()[pri:0, instance:miniprojectapi.students.CreateStudentTest@677b8e13]" started-at="2026-01-18T20:07:47 IST" name="createStudentWithoutRequiredData" finished-at="2026-01-18T20:07:47 IST" duration-ms="18" status="PASS">
          <reporter-output>
          </reporter-output>
        </test-method> <!-- createStudentWithoutRequiredData -->
        <test-method signature="verifyduplicateEmailNotAllowed()[pri:0, instance:miniprojectapi.students.CreateStudentTest@677b8e13]" started-at="2026-01-18T20:07:47 IST" name="verifyduplicateEmailNotAllowed" finished-at="2026-01-18T20:07:47 IST" duration-ms="30" status="PASS">
          <reporter-output>
          </reporter-output>
        </test-method> <!-- verifyduplicateEmailNotAllowed -->
      </class> <!-- miniprojectapi.students.CreateStudentTest -->
    </test> <!-- Student Tests -->
  </suite> <!-- Mini Project API Suite -->
</testng-results>
