<?xml version="1.0" encoding="UTF-8"?>
<testsuite xmlns:xsi="http://www.w3.org/2001/XMLSchema-instance" xsi:noNamespaceSchemaLocation="https://maven.apache.org/surefire/maven-surefire-plugin/xsd/surefire-test-report.xsd" version="3.0.2" name="TestSuite" time="6.434" tests="21" errors="0" skipped="0" failures="0">
  <properties>
[...]
</properties>
  <testcase name="createCourseTest" classname="miniprojectapi.courses.CreateCourseTest" time="2.493">
    <system-out><![CDATA[Request URI:	http://localhost:3000/api/courses
Base Path: {"message":"Course added successfully","course":{"id":30,"courseId":"CRS2030","courseName":"Computer Science","courseCode":"MCS-410","level":"Postgraduate","duration":"95413 Years","intake":"September 2026","tuitionFee":3821,"currency":"GBP","university":"University of London","status":"Active","createdAt":"2026-01-18T14:37:45.419Z"}}
]]></system-out>
    <system-err><![CDATA[SLF4J: Failed to load class "org.slf4j.impl.StaticLoggerBinder".
SLF4J: Defaulting to no-operation (NOP) logger implementation
SLF4J: See http://www.slf4j.org/codes.html#StaticLoggerBinder for further details.
]]></system-err>
  </testcase>
  <testcase name="createCourseWithoutRequiredData" classname="miniprojectapi.courses.CreateCourseTest" time="0.035">
    <system-out><![CDATA[Request URI:	http://localhost:3000/api/courses
Base Path: {"message":"courseName, courseCode, and university are required"}
]]></system-out>
  </testcase>
  <testcase name="verifyDefaultStatus" classname="miniprojectapi.courses.CreateCourseTest" time="0.055">
    <system-out><![CDATA[Request URI:	http://localhost:3000/api/courses
Base Path: {"message":"Course added successfully","course":{"id":31,"courseId":"CRS2031","courseName":"Computer Science","courseCode":"MCS-393","level":"Postgraduate","duration":"7217 Years","intake":"September 2026","tuitionFee":3500,"currency":"GBP","university":"University of London","status":"Active","createdAt":"2026-01-18T14:37:46.537Z"}}
]]></system-out>
  </testcase>
  <testcase name="verifyDuplicateCourseCodeNotAllowed" classname="miniprojectapi.courses.CreateCourseTest" time="0.051">
    <system-out><![CDATA[Request URI:	http://localhost:3000/api/courses
Request URI:	http://localhost:3000/api/courses
Base Path: {"message":"Course with this courseCode already exists"}
]]></system-out>
  </testcase>
  <testcase name="getAllStudents" classname="miniprojectapi.students.GetStudentTest" time="0.105">
    <system-out><![CDATA[Response: [{"students_id":1,"firstName":"Salik","lastName":"Kumar","email":"arun.kumar@example.com","mobile":"9876543210","dateOfBirth":"2001-05-15","gender":"Male","country":"India","createdAt":"2026-01-18T13:46:29.396Z"},{"students_id":2,"firstName":"8ed57","lastName":"e84fc","email":"409d7@test.com","mobile":"9747044447","dateOfBirth":"1990-01-01","gender":"Male","country":"India","createdAt":"2026-01-18T13:48:54.588Z"},{"students_id":3,"firstName":"05fce","lastName":"f93e9","email":"b400b@test.com","mobile":"9692127618","dateOfBirth":"1990-01-01","gender":"Male","country":"India","createdAt":"2026-01-18T14:13:14.228Z"},{"students_id":4,"firstName":"c22b1","lastName":"790de","email":"06c68@test.com","mobile":"9468105286","dateOfBirth":"1990-01-01","gender":"Male","country":"India","createdAt":"2026-01-18T14:13:30.885Z"},{"students_id":5,"firstName":"0f849","lastName":"bf199","email":"09cd7@test.com","mobile":"9339636734","dateOfBirth":"1990-01-01","gender":"Male","country":"India","createdAt":"2026-01-18T14:13:37.683Z"},{"students_id":6,"firstName":"c455e","lastName":"ff13a","email":"f5605@test.com","mobile":"9463681571","dateOfBirth":"1990-01-01","gender":"Male","country":"India","createdAt":"2026-01-18T14:13:38.384Z"},{"students_id":7,"firstName":"bb18d","lastName":"cd3b1","email":"a6268@test.com","mobile":"919337071","dateOfBirth":"1990-01-01","gender":"Male","country":"India","createdAt":"2026-01-18T14:13:38.547Z"},{"students_id":8,"firstName":"6214c","lastName":"520c3","email":"8ab26@test.com","mobile":"9771776099","dateOfBirth":"1990-01-01","gender":"Male","country":"India","createdAt":"2026-01-18T14:14:19.377Z"},{"students_id":9,"firstName":"eea02","lastName":"7db2f","email":"4b595@test.com","mobile":"9519201911","dateOfBirth":"1990-01-01","gender":"Male","country":"India","createdAt":"2026-01-18T14:14:20.062Z"},{"students_id":10,"firstName":"521a6","lastName":"046f1","email":"02622@test.com","mobile":"9814183885","dateOfBirth":"1990-01-01","gender":"Male","country":"India","createdAt":"2026-01-18T14:14:20.199Z"},{"students_id":11,"firstName":"1534e","lastName":"21876","email":"70a20@test.com","mobile":"969177724","dateOfBirth":"1990-01-01","gender":"Male","country":"India","createdAt":"2026-01-18T14:14:42.226Z"},{"students_id":12,"firstName":"70266","lastName":"b410c","email":"53a21@test.com","mobile":"9383762951","dateOfBirth":"1990-01-01","gender":"Male","country":"India","createdAt":"2026-01-18T14:14:42.835Z"},{"students_id":13,"firstName":"70266","lastName":"b410c","email":"53a21@test.com","mobile":"9383762951","dateOfBirth":"1990-01-01","gender":"Male","country":"India","createdAt":"2026-01-18T14:14:42.870Z"},{"students_id":14,"firstName":"3efe4","lastName":"28e3e","email":"ff8f4@test.com","mobile":"9922386782","dateOfBirth":"1990-01-01","gender":"Male","country":"India","createdAt":"2026-01-18T14:14:50.367Z"},{"students_id":15,"firstName":"2c004","lastName":"84bd0","email":"722e2@test.com","mobile":"9180063556","dateOfBirth":"1990-01-01","gender":"Male","country":"India","createdAt":"2026-01-18T14:14:50.512Z"},{"students_id":16,"firstName":"9c4dc","lastName":"28c9c","email":"f9fab@test.com","mobile":"93097115","dateOfBirth":"1990-01-01","gender":"Male","country":"India","createdAt":"2026-01-18T14:14:50.605Z"},{"students_id":17,"firstName":"40acb","lastName":"e9219","email":"33799@test.com","mobile":"9945688581","dateOfBirth":"1990-01-01","gender":"Male","country":"India","createdAt":"2026-01-18T14:16:41.986Z"},{"students_id":18,"firstName":"be7c9","lastName":"3d2f5","email":"e4246@test.com","mobile":"9858044711","dateOfBirth":"1990-01-01","gender":"Male","country":"India","createdAt":"2026-01-18T14:17:18.758Z"},{"students_id":19,"firstName":"b4e66","lastName":"8a957","email":"c2e87@test.com","mobile":"9447294477","dateOfBirth":"1990-01-01","gender":"Male","country":"India","createdAt":"2026-01-18T14:18:03.080Z"},{"students_id":20,"firstName":"d43f5","lastName":"b6665","email":"70f8c@test.com","mobile":"9876637709","dateOfBirth":"1990-01-01","gender":"Male","country":"India","createdAt":"2026-01-18T14:18:20.913Z"},{"students_id":21,"firstName":"23ef1","lastName":"d56c1","email":"f2b6e@test.com","mobile":"9241402034","dateOfBirth":"1990-01-01","gender":"Male","country":"India","createdAt":"2026-01-18T14:18:21.034Z"},{"students_id":22,"firstName":"c55cf","lastName":"9fa10","email":"2b4fc@test.com","mobile":"9724394238","dateOfBirth":"1990-01-01","gender":"Male","country":"India","createdAt":"2026-01-18T14:18:21.112Z"},{"students_id":23,"firstName":"f3443","lastName":"94243","email":"6f164@test.com","mobile":"926221804","dateOfBirth":"1990-01-01","gender":"Male","country":"India","createdAt":"2026-01-18T14:18:43.107Z"},{"students_id":24,"firstName":"acc97","lastName":"2b0f4","email":"d258f@test.com","mobile":"9658608704","dateOfBirth":"1990-01-01","gender":"Male","country":"India","createdAt":"2026-01-18T14:18:43.227Z"},{"students_id":25,"firstName":"71481","lastName":"f3fb4","email":"b342c@test.com","mobile":"9899736187","dateOfBirth":"1990-01-01","gender":"Male","country":"India","createdAt":"2026-01-18T14:18:43.326Z"},{"students_id":26,"firstName":"01647","lastName":"17557","email":"3f796@test.com","mobile":"9573795334","dateOfBirth":"1990-01-01","gender":"Male","country":"India","createdAt":"2026-01-18T14:29:22.567Z"},{"students_id":27,"firstName":"81720","lastName":"05fa7","email":"d944d@test.com","mobile":"9465188827","dateOfBirth":"1990-01-01","gender":"Male","country":"India","createdAt":"2026-01-18T14:29:22.667Z"},{"students_id":28,"firstName":"22417","lastName":"c254c","email":"a1e86@test.com","mobile":"9969398336","dateOfBirth":"1990-01-01","gender":"Male","country":"India","createdAt":"2026-01-18T14:29:22.750Z"},{"students_id":29,"firstName":"3e192","lastName":"723da","email":"e4d3e@test.com","mobile":"9680277021","dateOfBirth":"1990-01-01","gender":"Male","country":"India","createdAt":"2026-01-18T14:29:22.868Z"},{"students_id":30,"firstName":"6b604","lastName":"e5101","email":"5028c@test.com","mobile":"9919339739","dateOfBirth":"1990-01-01","gender":"Male","country":"India","createdAt":"2026-01-18T14:29:22.908Z"},{"students_id":31,"firstName":"6b604","lastName":"e5101","email":"5028c@test.com","mobile":"9919339739","dateOfBirth":"1990-01-01","gender":"Male","country":"India","createdAt":"2026-01-18T14:29:22.931Z"},{"students_id":32,"firstName":"4168e","lastName":"a4554","email":"55a46@test.com","mobile":"9161367231","dateOfBirth":"1990-01-01","gender":"Male","country":"India","createdAt":"2026-01-18T14:30:02.191Z"},{"students_id":33,"firstName":"a92c9","lastName":"31de0","email":"693cf@test.com","mobile":"9490388267","dateOfBirth":"1990-01-01","gender":"Male","country":"India","createdAt":"2026-01-18T14:30:02.306Z"},{"students_id":34,"firstName":"cac82","lastName":"9b6d5","email":"259ab@test.com","mobile":"9829229620","dateOfBirth":"1990-01-01","gender":"Male","country":"India","createdAt":"2026-01-18T14:30:02.383Z"},{"students_id":35,"firstName":"584a0","lastName":"f36e0","email":"7a2e9@test.com","mobile":"9899843027","dateOfBirth":"1990-01-01","gender":"Male","country":"India","createdAt":"2026-01-18T14:30:02.552Z"},{"students_id":36,"firstName":"d832f","lastName":"61a2e","email":"94489@test.com","mobile":"9499998034","dateOfBirth":"1990-01-01","gender":"Male","country":"India","createdAt":"2026-01-18T14:30:02.667Z"},{"students_id":37,"firstName":"5d15f","lastName":"b4290","email":"efeb0@test.com","mobile":"9801623482","dateOfBirth":"1990-01-01","gender":"Male","country":"India","createdAt":"2026-01-18T14:30:02.794Z"},{"students_id":38,"firstName":"70b8d","lastName":"02592","email":"fe3df@test.com","mobile":"9376765913","dateOfBirth":"1990-01-01","gender":"Male","country":"India","createdAt":"2026-01-18T14:30:02.893Z"},{"students_id":39,"firstName":"ee18b","lastName":"7638d","email":"74aba@test.com","mobile":"9149535426","dateOfBirth":"1990-01-01","gender":"Male","country":"India","createdAt":"2026-01-18T14:30:02.931Z"},{"students_id":40,"firstName":"ee18b","lastName":"7638d","email":"74aba@test.com","mobile":"9149535426","dateOfBirth":"1990-01-01","gender":"Male","country":"India","createdAt":"2026-01-18T14:30:02.956Z"},{"students_id":41,"firstName":"b9357","lastName":"40298","email":"d7f51@test.com","mobile":"9345530115","dateOfBirth":"1990-01-01","gender":"Male","country":"India","createdAt":"2026-01-18T14:30:02.981Z"},{"students_id":42,"firstName":"e9b51","lastName":"da7fa","email":"28d62@test.com","mobile":"9635836182","dateOfBirth":"1990-01-01","gender":"Male","country":"India","createdAt":"2026-01-18T14:33:57.085Z"},{"students_id":43,"firstName":"de5a5","lastName":"c5350","email":"06add@test.com","mobile":"9246843437","dateOfBirth":"1990-01-01","gender":"Male","country":"India","createdAt":"2026-01-18T14:33:57.215Z"},{"students_id":44,"firstName":"b7957","lastName":"d3f4b","email":"0c5aa@test.com","mobile":"9959995544","dateOfBirth":"1990-01-01","gender":"Male","country":"India","createdAt":"2026-01-18T14:33:57.308Z"},{"students_id":45,"firstName":"c8c47","lastName":"b4a0d","email":"99af1@test.com","mobile":"9394848463","dateOfBirth":"1990-01-01","gender":"Male","country":"India","createdAt":"2026-01-18T14:33:57.526Z"},{"students_id":46,"firstName":"1523c","lastName":"84135","email":"9afda@test.com","mobile":"9431734437","dateOfBirth":"1990-01-01","gender":"Male","country":"India","createdAt":"2026-01-18T14:33:57.684Z"},{"students_id":47,"firstName":"1e8d9","lastName":"8427f","email":"7c058@test.com","mobile":"9412766981","dateOfBirth":"1990-01-01","gender":"Male","country":"India","createdAt":"2026-01-18T14:33:57.854Z"},{"students_id":48,"firstName":"55b94","lastName":"c640a","email":"7eb3d@test.com","mobile":"93850309","dateOfBirth":"1990-01-01","gender":"Male","country":"India","createdAt":"2026-01-18T14:33:57.985Z"},{"students_id":49,"firstName":"f2b0f","lastName":"7f206","email":"ee229@test.com","mobile":"965501683","dateOfBirth":"1990-01-01","gender":"Male","country":"India","createdAt":"2026-01-18T14:33:58.049Z"},{"students_id":50,"firstName":"f2b0f","lastName":"7f206","email":"ee229@test.com","mobile":"965501683","dateOfBirth":"1990-01-01","gender":"Male","country":"India","createdAt":"2026-01-18T14:33:58.075Z"},{"students_id":51,"firstName":"903ae","lastName":"9283c","email":"ea820@test.com","mobile":"9617757235","dateOfBirth":"1990-01-01","gender":"Male","country":"India","createdAt":"2026-01-18T14:33:58.111Z"}]
]]></system-out>
  </testcase>
  <testcase name="getStudentById" classname="miniprojectapi.students.GetStudentTest" time="0.124">
    <system-out><![CDATA[Request URI:	http://localhost:3000/api/students
Response: {"students_id":52,"firstName":"1c9b0","lastName":"363fa","email":"f3c87@test.com","mobile":"9144236966","dateOfBirth":"1990-01-01","gender":"Male","country":"India","createdAt":"2026-01-18T14:37:46.726Z","applicationCount":0,"applications":[]}
]]></system-out>
  </testcase>
  <testcase name="getStudentByInvalidId" classname="miniprojectapi.students.GetStudentTest" time="0.015">
    <system-out><![CDATA[Response: {"message":"Student not found"}
]]></system-out>
  </testcase>
  <testcase name="verifyStudentApplicationsInitialZero" classname="miniprojectapi.students.GetStudentTest" time="0.097">
    <system-out><![CDATA[Request URI:	http://localhost:3000/api/students
]]></system-out>
  </testcase>
  <testcase name="verifyStudentResponseStructureIsCorrectWhenNoneExist" classname="miniprojectapi.students.GetStudentTest" time="0.193">
    <system-out><![CDATA[Request URI:	http://localhost:3000/api/students
Response: {"students_id":54,"firstName":"50d02","lastName":"8528b","email":"42465@test.com","mobile":"959377191","dateOfBirth":"1990-01-01","gender":"Male","country":"India","createdAt":"2026-01-18T14:37:46.987Z","applicationCount":0,"applications":[]}
]]></system-out>
  </testcase>
  <testcase name="applyApplicationWithEmptyPayload" classname="miniprojectapi.applications.ApplyApplicationTest" time="0.019">
    <system-out><![CDATA[Request URI:	http://localhost:3000/api/applications
]]></system-out>
  </testcase>
  <testcase name="applyApplicationWithInvalidCourseId" classname="miniprojectapi.applications.ApplyApplicationTest" time="0.054">
    <system-out><![CDATA[Request URI:	http://localhost:3000/api/students
Request URI:	http://localhost:3000/api/applications
]]></system-out>
  </testcase>
  <testcase name="applyApplicationWithInvalidStudentId" classname="miniprojectapi.applications.ApplyApplicationTest" time="0.074">
    <system-out><![CDATA[Request URI:	http://localhost:3000/api/courses
Base Path: {"message":"Course added successfully","course":{"id":33,"courseId":"CRS2033","courseName":"Computer Science","courseCode":"MCS-816","level":"Postgraduate","duration":"25912 Years","intake":"September 2026","tuitionFee":4665,"currency":"GBP","university":"University of London","status":"Active","createdAt":"2026-01-18T14:37:47.251Z"}}
Request URI:	http://localhost:3000/api/applications
]]></system-out>
  </testcase>
  <testcase name="applyApplicationWithValidStudentIdAndCourseId" classname="miniprojectapi.applications.ApplyApplicationTest" time="0.133">
    <system-out><![CDATA[Request URI:	http://localhost:3000/api/students
Request URI:	http://localhost:3000/api/courses
Base Path: {"message":"Course added successfully","course":{"id":34,"courseId":"CRS2034","courseName":"Computer Science","courseCode":"MCS-1008","level":"Postgraduate","duration":"70772 Years","intake":"September 2026","tuitionFee":9859,"currency":"GBP","university":"University of London","status":"Active","createdAt":"2026-01-18T14:37:47.347Z"}}
Request URI:	http://localhost:3000/api/applications
]]></system-out>
  </testcase>
  <testcase name="applyApplyDuplicateApplication" classname="miniprojectapi.applications.ApplyApplicationTest" time="0.106">
    <system-out><![CDATA[Request URI:	http://localhost:3000/api/students
Request URI:	http://localhost:3000/api/courses
Base Path: {"message":"Course added successfully","course":{"id":35,"courseId":"CRS2035","courseName":"Computer Science","courseCode":"MCS-993","level":"Postgraduate","duration":"3346 Years","intake":"September 2026","tuitionFee":5302,"currency":"GBP","university":"University of London","status":"Active","createdAt":"2026-01-18T14:37:47.482Z"}}
Request URI:	http://localhost:3000/api/applications
Request URI:	http://localhost:3000/api/applications
]]></system-out>
  </testcase>
  <testcase name="createStudentTest" classname="miniprojectapi.students.CreateStudentTest" time="0.029">
    <system-out><![CDATA[Request URI:	http://localhost:3000/api/students
Base Path: {"message":"Student added successfully","student":{"students_id":58,"firstName":"cceb0","lastName":"ff846","email":"d63ec@test.com","mobile":"9482555347","dateOfBirth":"1990-01-01","gender":"Male","country":"India","createdAt":"2026-01-18T14:37:47.566Z"}}
]]></system-out>
  </testcase>
  <testcase name="createStudentWithoutRequiredData" classname="miniprojectapi.students.CreateStudentTest" time="0.023">
    <system-out><![CDATA[Base URI: http://localhost
Port: 3000
Base Path: /api
Base Path: {"firstName":"","lastName":"","country":"India","gender":"Male","mobile":"","dateOfBirth":"1990-01-01","email":""}
Request URI:	http://localhost:3000/api/students
Base Path: {"message":"firstName, lastName, email, and mobile are required"}
]]></system-out>
  </testcase>
  <testcase name="verifyduplicateEmailNotAllowed" classname="miniprojectapi.students.CreateStudentTest" time="0.032">
    <system-out><![CDATA[Request URI:	http://localhost:3000/api/students
Request URI:	http://localhost:3000/api/students
Base Path: {"message":"Student added successfully","student":{"students_id":60,"firstName":"321e6","lastName":"c8fce","email":"8cb01@test.com","mobile":"9845160899","dateOfBirth":"1990-01-01","gender":"Male","country":"India","createdAt":"2026-01-18T14:37:47.641Z"}}
]]></system-out>
  </testcase>
  <testcase name="getApplicationWithInvalidApplicationId" classname="miniprojectapi.applications.GetApplicationTest" time="0.012"/>
  <testcase name="getApplicationWithValidApplicationId" classname="miniprojectapi.applications.GetApplicationTest" time="0.134">
    <system-out><![CDATA[Request URI:	http://localhost:3000/api/students
Request URI:	http://localhost:3000/api/courses
Base Path: {"message":"Course added successfully","course":{"id":36,"courseId":"CRS2036","courseName":"Computer Science","courseCode":"MCS-1025","level":"Postgraduate","duration":"33009 Years","intake":"September 2026","tuitionFee":9078,"currency":"GBP","university":"University of London","status":"Active","createdAt":"2026-01-18T14:37:47.688Z"}}
Request URI:	http://localhost:3000/api/applications
]]></system-out>
  </testcase>
  <testcase name="verifyGetAllCourses" classname="miniprojectapi.courses.GetCourseTest" time="0.025">
    <system-out><![CDATA[Base Path: [{"id":1,"courseId":"CRS2001","courseName":"Computer Science","courseCode":"MCS-665","level":"Postgraduate","duration":"60085 Years","intake":"September 2026","tuitionFee":5292,"currency":"GBP","university":"University of London","status":"Active","createdAt":"2026-01-18T09:38:38.622Z"},{"id":2,"courseId":"CRS2002","courseName":"Computer Science","courseCode":"MCS-594","level":"Postgraduate","duration":"60124 Years","intake":"September 2026","tuitionFee":8860,"currency":"GBP","university":"University of London","status":"Active","createdAt":"2026-01-18T13:43:49.997Z"},{"id":3,"courseId":"CRS2003","courseName":"Master of Computer Science 2","courseCode":"MCS-2029","level":"Postgraduate","duration":"2 Years","intake":"September 2026","tuitionFee":18000,"currency":"GBP","university":"University of London","status":"Active","createdAt":"2026-01-18T13:47:16.999Z"},{"id":4,"courseId":"CRS2004","courseName":"Computer Science","courseCode":"MCS-290","level":"Postgraduate","duration":"62687 Years","intake":"September 2026","tuitionFee":440,"currency":"GBP","university":"University of London","status":"Active","createdAt":"2026-01-18T13:48:55.105Z"},{"id":5,"courseId":"CRS2005","courseName":"Computer Science","courseCode":"MCS-695","level":"Postgraduate","duration":"74902 Years","intake":"September 2026","tuitionFee":476,"currency":"GBP","university":"University of London","status":"Active","createdAt":"2026-01-18T14:13:14.972Z"},{"id":6,"courseId":"CRS2006","courseName":"Computer Science","courseCode":"MCS-241","level":"Postgraduate","duration":"61482 Years","intake":"September 2026","tuitionFee":3205,"currency":"GBP","university":"University of London","status":"Active","createdAt":"2026-01-18T14:13:31.527Z"},{"id":7,"courseId":"CRS2007","courseName":"Computer Science","courseCode":"MCS-981","level":"Postgraduate","duration":"64594 Years","intake":"September 2026","tuitionFee":1215,"currency":"GBP","university":"University of London","status":"Active","createdAt":"2026-01-18T14:13:38.251Z"},{"id":8,"courseId":"CRS2008","courseName":"Computer Science","courseCode":"MCS-1016","level":"Postgraduate","duration":"39787 Years","intake":"September 2026","tuitionFee":9562,"currency":"GBP","university":"University of London","status":"Active","createdAt":"2026-01-18T14:13:38.419Z"},{"id":9,"courseId":"CRS2009","courseName":"Computer Science","courseCode":"MCS-263","level":"Postgraduate","duration":"4801 Years","intake":"September 2026","tuitionFee":7838,"currency":"GBP","university":"University of London","status":"Active","createdAt":"2026-01-18T14:13:38.598Z"},{"id":10,"courseId":"CRS2010","courseName":"Computer Science","courseCode":"MCS-180","level":"Postgraduate","duration":"85717 Years","intake":"September 2026","tuitionFee":1402,"currency":"GBP","university":"University of London","status":"Active","createdAt":"2026-01-18T14:14:19.939Z"},{"id":11,"courseId":"CRS2011","courseName":"Computer Science","courseCode":"MCS-329","level":"Postgraduate","duration":"24712 Years","intake":"September 2026","tuitionFee":3271,"currency":"GBP","university":"University of London","status":"Active","createdAt":"2026-01-18T14:14:20.088Z"},{"id":12,"courseId":"CRS2012","courseName":"Computer Science","courseCode":"MCS-537","level":"Postgraduate","duration":"96612 Years","intake":"September 2026","tuitionFee":6950,"currency":"GBP","university":"University of London","status":"Active","createdAt":"2026-01-18T14:14:20.226Z"},{"id":13,"courseId":"CRS2013","courseName":"Computer Science","courseCode":"MCS-862","level":"Postgraduate","duration":"66313 Years","intake":"September 2026","tuitionFee":8776,"currency":"GBP","university":"University of London","status":"Active","createdAt":"2026-01-18T14:14:31.301Z"},{"id":14,"courseId":"CRS2014","courseName":"Computer Science","courseCode":"MCS-971","level":"Postgraduate","duration":"8355 Years","intake":"September 2026","tuitionFee":4071,"currency":"GBP","university":"University of London","status":"Active","createdAt":"2026-01-18T14:14:31.885Z"},{"id":15,"courseId":"CRS2015","courseName":"Computer Science","courseCode":"MCS-797","level":"Postgraduate","duration":"24626 Years","intake":"September 2026","tuitionFee":3925,"currency":"GBP","university":"University of London","status":"Active","createdAt":"2026-01-18T14:14:31.936Z"},{"id":16,"courseId":"CRS2016","courseName":"Computer Science","courseCode":"MCS-932","level":"Postgraduate","duration":"60938 Years","intake":"September 2026","tuitionFee":6127,"currency":"GBP","university":"University of London","status":"Active","createdAt":"2026-01-18T14:30:01.481Z"},{"id":17,"courseId":"CRS2017","courseName":"Computer Science","courseCode":"MCS-878","level":"Postgraduate","duration":"83317 Years","intake":"September 2026","tuitionFee":9734,"currency":"GBP","university":"University of London","status":"Active","createdAt":"2026-01-18T14:30:02.011Z"},{"id":18,"courseId":"CRS2018","courseName":"Computer Science","courseCode":"MCS-433","level":"Postgraduate","duration":"24368 Years","intake":"September 2026","tuitionFee":244,"currency":"GBP","university":"University of London","status":"Active","createdAt":"2026-01-18T14:30:02.073Z"},{"id":19,"courseId":"CRS2019","courseName":"Computer Science","courseCode":"MCS-675","level":"Postgraduate","duration":"20519 Years","intake":"September 2026","tuitionFee":3746,"currency":"GBP","university":"University of London","status":"Active","createdAt":"2026-01-18T14:30:02.601Z"},{"id":20,"courseId":"CRS2020","courseName":"Computer Science","courseCode":"MCS-474","level":"Postgraduate","duration":"55479 Years","intake":"September 2026","tuitionFee":8666,"currency":"GBP","university":"University of London","status":"Active","createdAt":"2026-01-18T14:30:02.693Z"},{"id":21,"courseId":"CRS2021","courseName":"Computer Science","courseCode":"MCS-584","level":"Postgraduate","duration":"11016 Years","intake":"September 2026","tuitionFee":2365,"currency":"GBP","university":"University of London","status":"Active","createdAt":"2026-01-18T14:30:02.824Z"},{"id":22,"courseId":"CRS2022","courseName":"Computer Science","courseCode":"MCS-475","level":"Postgraduate","duration":"89128 Years","intake":"September 2026","tuitionFee":7832,"currency":"GBP","university":"University of London","status":"Active","createdAt":"2026-01-18T14:30:03.002Z"},{"id":23,"courseId":"CRS2023","courseName":"Computer Science","courseCode":"MCS-525","level":"Postgraduate","duration":"73527 Years","intake":"September 2026","tuitionFee":4028,"currency":"GBP","university":"University of London","status":"Active","createdAt":"2026-01-18T14:33:55.753Z"},{"id":24,"courseId":"CRS2024","courseName":"Computer Science","courseCode":"MCS-791","level":"Postgraduate","duration":"56029 Years","intake":"September 2026","tuitionFee":1744,"currency":"GBP","university":"University of London","status":"Active","createdAt":"2026-01-18T14:33:56.873Z"},{"id":25,"courseId":"CRS2025","courseName":"Computer Science","courseCode":"MCS-676","level":"Postgraduate","duration":"65399 Years","intake":"September 2026","tuitionFee":2070,"currency":"GBP","university":"University of London","status":"Active","createdAt":"2026-01-18T14:33:56.945Z"},{"id":26,"courseId":"CRS2026","courseName":"Computer Science","courseCode":"MCS-160","level":"Postgraduate","duration":"70901 Years","intake":"September 2026","tuitionFee":7478,"currency":"GBP","university":"University of London","status":"Active","createdAt":"2026-01-18T14:33:57.588Z"},{"id":27,"courseId":"CRS2027","courseName":"Computer Science","courseCode":"MCS-872","level":"Postgraduate","duration":"58705 Years","intake":"September 2026","tuitionFee":2282,"currency":"GBP","university":"University of London","status":"Active","createdAt":"2026-01-18T14:33:57.718Z"},{"id":28,"courseId":"CRS2028","courseName":"Computer Science","courseCode":"MCS-799","level":"Postgraduate","duration":"47086 Years","intake":"September 2026","tuitionFee":2229,"currency":"GBP","university":"University of London","status":"Active","createdAt":"2026-01-18T14:33:57.881Z"},{"id":29,"courseId":"CRS2029","courseName":"Computer Science","courseCode":"MCS-412","level":"Postgraduate","duration":"78554 Years","intake":"September 2026","tuitionFee":3091,"currency":"GBP","university":"University of London","status":"Active","createdAt":"2026-01-18T14:33:58.137Z"},{"id":30,"courseId":"CRS2030","courseName":"Computer Science","courseCode":"MCS-410","level":"Postgraduate","duration":"95413 Years","intake":"September 2026","tuitionFee":3821,"currency":"GBP","university":"University of London","status":"Active","createdAt":"2026-01-18T14:37:45.419Z"},{"id":31,"courseId":"CRS2031","courseName":"Computer Science","courseCode":"MCS-393","level":"Postgraduate","duration":"7217 Years","intake":"September 2026","tuitionFee":3500,"currency":"GBP","university":"University of London","status":"Active","createdAt":"2026-01-18T14:37:46.537Z"},{"id":32,"courseId":"CRS2032","courseName":"Computer Science","courseCode":"MCS-373","level":"Postgraduate","duration":"21696 Years","intake":"September 2026","tuitionFee":9249,"currency":"GBP","university":"University of London","status":"Active","createdAt":"2026-01-18T14:37:46.590Z"},{"id":33,"courseId":"CRS2033","courseName":"Computer Science","courseCode":"MCS-816","level":"Postgraduate","duration":"25912 Years","intake":"September 2026","tuitionFee":4665,"currency":"GBP","university":"University of London","status":"Active","createdAt":"2026-01-18T14:37:47.251Z"},{"id":34,"courseId":"CRS2034","courseName":"Computer Science","courseCode":"MCS-1008","level":"Postgraduate","duration":"70772 Years","intake":"September 2026","tuitionFee":9859,"currency":"GBP","university":"University of London","status":"Active","createdAt":"2026-01-18T14:37:47.347Z"},{"id":35,"courseId":"CRS2035","courseName":"Computer Science","courseCode":"MCS-993","level":"Postgraduate","duration":"3346 Years","intake":"September 2026","tuitionFee":5302,"currency":"GBP","university":"University of London","status":"Active","createdAt":"2026-01-18T14:37:47.482Z"},{"id":36,"courseId":"CRS2036","courseName":"Computer Science","courseCode":"MCS-1025","level":"Postgraduate","duration":"33009 Years","intake":"September 2026","tuitionFee":9078,"currency":"GBP","university":"University of London","status":"Active","createdAt":"2026-01-18T14:37:47.688Z"}]
]]></system-out>
  </testcase>
  <testcase name="verifyGetCourseByInvalidId" classname="miniprojectapi.courses.GetCourseTest" time="0.002">
    <system-out><![CDATA[Base Path: {"message":"Course not found"}
]]></system-out>
  </testcase>
</testsuite>